ERROR [2013-05-02 17:22:49,662] (BaseComponentMultiPageEditorPart.java:getCompositeEditorInput:161) - Unable load metadata file for file 'classes/SampleDeployClass.cls'
com.salesforce.ide.core.factories.FactoryException: Unable to find composite file from path 'classes/SampleDeployClass.cls-meta.xml'
	at com.salesforce.ide.core.factories.ComponentFactory.getCompositeComponentFromFile(ComponentFactory.java:1033)
	at com.salesforce.ide.ui.editors.internal.BaseComponentMultiPageEditorPart.getCompositeEditorInput(BaseComponentMultiPageEditorPart.java:153)
	at com.salesforce.ide.ui.editors.internal.BaseComponentMultiPageEditorPart.setInput(BaseComponentMultiPageEditorPart.java:116)
	at org.eclipse.ui.part.MultiPageEditorPart.init(MultiPageEditorPart.java:777)
	at com.salesforce.ide.ui.editors.internal.BaseComponentMultiPageEditorPart.init(BaseComponentMultiPageEditorPart.java:102)
	at com.salesforce.ide.ui.editors.apex.ApexCodeMultiPageEditor.init(ApexCodeMultiPageEditor.java:55)
	at org.eclipse.ui.internal.EditorManager.createSite(EditorManager.java:828)
	at org.eclipse.ui.internal.EditorReference.createPartHelper(EditorReference.java:647)
	at org.eclipse.ui.internal.EditorReference.createPart(EditorReference.java:465)
	at org.eclipse.ui.internal.WorkbenchPartReference.getPart(WorkbenchPartReference.java:595)
	at org.eclipse.ui.internal.EditorReference.getEditor(EditorReference.java:289)
	at org.eclipse.ui.internal.WorkbenchPage.busyOpenEditorBatched(WorkbenchPage.java:2945)
	at org.eclipse.ui.internal.WorkbenchPage.busyOpenEditor(WorkbenchPage.java:2850)
	at org.eclipse.ui.internal.WorkbenchPage.access$11(WorkbenchPage.java:2842)
	at org.eclipse.ui.internal.WorkbenchPage$10.run(WorkbenchPage.java:2793)
	at org.eclipse.swt.custom.BusyIndicator.showWhile(BusyIndicator.java:70)
	at org.eclipse.ui.internal.WorkbenchPage.openEditor(WorkbenchPage.java:2789)
	at org.eclipse.ui.internal.WorkbenchPage.openEditor(WorkbenchPage.java:2773)
	at org.eclipse.ui.internal.WorkbenchPage.openEditor(WorkbenchPage.java:2764)
	at org.eclipse.ui.ide.IDE.openEditor(IDE.java:651)
	at org.eclipse.ui.ide.IDE.openEditor(IDE.java:610)
	at org.eclipse.jdt.internal.ui.javaeditor.EditorUtility.openInEditor(EditorUtility.java:355)
	at org.eclipse.jdt.internal.ui.javaeditor.EditorUtility.openInEditor(EditorUtility.java:164)
	at org.eclipse.jdt.ui.actions.OpenAction.run(OpenAction.java:249)
	at org.eclipse.jdt.ui.actions.OpenAction.run(OpenAction.java:228)
	at org.eclipse.jdt.ui.actions.SelectionDispatchAction.dispatchRun(SelectionDispatchAction.java:275)
	at org.eclipse.jdt.ui.actions.SelectionDispatchAction.run(SelectionDispatchAction.java:251)
	at org.eclipse.jdt.internal.ui.navigator.OpenAndExpand.run(OpenAndExpand.java:50)
	at org.eclipse.ui.actions.RetargetAction.run(RetargetAction.java:221)
	at org.eclipse.ui.navigator.CommonNavigatorManager$3.open(CommonNavigatorManager.java:185)
	at org.eclipse.ui.OpenAndLinkWithEditorHelper$InternalListener.open(OpenAndLinkWithEditorHelper.java:48)
	at org.eclipse.jface.viewers.StructuredViewer$2.run(StructuredViewer.java:866)
	at org.eclipse.core.runtime.SafeRunner.run(SafeRunner.java:42)
	at org.eclipse.ui.internal.JFaceUtil$1.run(JFaceUtil.java:49)
	at org.eclipse.jface.util.SafeRunnable.run(SafeRunnable.java:175)
	at org.eclipse.jface.viewers.StructuredViewer.fireOpen(StructuredViewer.java:864)
	at org.eclipse.jface.viewers.StructuredViewer.handleOpen(StructuredViewer.java:1152)
	at org.eclipse.ui.navigator.CommonViewer.handleOpen(CommonViewer.java:462)
	at org.eclipse.jface.viewers.StructuredViewer$6.handleOpen(StructuredViewer.java:1256)
	at org.eclipse.jface.util.OpenStrategy.fireOpenEvent(OpenStrategy.java:275)
	at org.eclipse.jface.util.OpenStrategy.access$2(OpenStrategy.java:269)
	at org.eclipse.jface.util.OpenStrategy$1.handleEvent(OpenStrategy.java:309)
	at org.eclipse.swt.widgets.EventTable.sendEvent(EventTable.java:84)
	at org.eclipse.swt.widgets.Display.sendEvent(Display.java:4128)
	at org.eclipse.swt.widgets.Widget.sendEvent(Widget.java:1457)
	at org.eclipse.swt.widgets.Widget.sendEvent(Widget.java:1480)
	at org.eclipse.swt.widgets.Widget.sendEvent(Widget.java:1465)
	at org.eclipse.swt.widgets.Widget.notifyListeners(Widget.java:1270)
	at org.eclipse.swt.widgets.Display.runDeferredEvents(Display.java:3974)
	at org.eclipse.swt.widgets.Display.readAndDispatch(Display.java:3613)
	at org.eclipse.ui.internal.Workbench.runEventLoop(Workbench.java:2701)
	at org.eclipse.ui.internal.Workbench.runUI(Workbench.java:2665)
	at org.eclipse.ui.internal.Workbench.access$4(Workbench.java:2499)
	at org.eclipse.ui.internal.Workbench$7.run(Workbench.java:679)
	at org.eclipse.core.databinding.observable.Realm.runWithDefault(Realm.java:332)
	at org.eclipse.ui.internal.Workbench.createAndRunWorkbench(Workbench.java:668)
	at org.eclipse.ui.PlatformUI.createAndRunWorkbench(PlatformUI.java:149)
	at org.eclipse.ui.internal.ide.application.IDEApplication.start(IDEApplication.java:123)
	at org.eclipse.equinox.internal.app.EclipseAppHandle.run(EclipseAppHandle.java:196)
	at org.eclipse.core.runtime.internal.adaptor.EclipseAppLauncher.runApplication(EclipseAppLauncher.java:110)
	at org.eclipse.core.runtime.internal.adaptor.EclipseAppLauncher.start(EclipseAppLauncher.java:79)
	at org.eclipse.core.runtime.adaptor.EclipseStarter.run(EclipseStarter.java:344)
	at org.eclipse.core.runtime.adaptor.EclipseStarter.run(EclipseStarter.java:179)
	at sun.reflect.NativeMethodAccessorImpl.invoke0(Native Method)
	at sun.reflect.NativeMethodAccessorImpl.invoke(NativeMethodAccessorImpl.java:39)
	at sun.reflect.DelegatingMethodAccessorImpl.invoke(DelegatingMethodAccessorImpl.java:25)
	at java.lang.reflect.Method.invoke(Method.java:597)
	at org.eclipse.equinox.launcher.Main.invokeFramework(Main.java:622)
	at org.eclipse.equinox.launcher.Main.basicRun(Main.java:577)
	at org.eclipse.equinox.launcher.Main.run(Main.java:1410)
 WARN [2013-05-02 17:22:52,721] (ProjectService.java:getForceProject:1656) - Unable to get authorization info - endpoint is null or empty
 WARN [2013-05-02 17:22:52,921] (ProjectService.java:getForceProject:1656) - Unable to get authorization info - endpoint is null or empty
 WARN [2013-05-02 17:22:53,164] (BaseRetryAspect.java:isLoginExceptionRetryable:95) - Login evaluation deemed exception not retry-able:
 MalformedURLException: Unable to create connection to Salesforce:

MalformedURLException: An unexpected error has occurred. Please try again, or check the log file for details.
 WARN [2013-05-02 17:22:53,164] (BaseRetryAspect.java:isLoginExceptionRetryable:95) - Login evaluation deemed exception not retry-able:
 MalformedURLException: Unable to create connection to Salesforce:

MalformedURLException: An unexpected error has occurred. Please try again, or check the log file for details.
 WARN [2013-05-02 17:22:53,170] (BaseRetryAspect.java:isConnectionExceptionRetryable:131) - Connection evaluation deemed exception not retry-able:
 MalformedURLException: Unable to create connection to Salesforce:

MalformedURLException: An unexpected error has occurred. Please try again, or check the log file for details.
 WARN [2013-05-02 17:22:53,173] (ApexCodeScanner.java:generateKeywordRule:139) - Unable to get describe object for type project 'gitTest'
java.net.MalformedURLException
	at java.net.URL.<init>(URL.java:601)
	at java.net.URL.<init>(URL.java:464)
	at java.net.URL.<init>(URL.java:413)
	at com.sforce.ws.transport.JdkHttpTransport.connectRaw(JdkHttpTransport.java:123)
	at com.sforce.ws.transport.JdkHttpTransport.connectLocal(JdkHttpTransport.java:97)
	at com.sforce.ws.transport.JdkHttpTransport.connectLocal(JdkHttpTransport.java:92)
	at com.sforce.ws.transport.JdkHttpTransport.connect(JdkHttpTransport.java:88)
	at com.sforce.ws.transport.SoapConnection.send(SoapConnection.java:94)
	at com.sforce.soap.partner.wsc.PartnerConnection.login(PartnerConnection.java:1664)
	at com.salesforce.ide.core.remote.Connection.login(Connection.java:217)
	at com.salesforce.ide.core.remote.Connection$$FastClassByCGLIB$$8e61a81d.invoke(<generated>)
	at net.sf.cglib.proxy.MethodProxy.invoke(MethodProxy.java:149)
	at org.springframework.aop.framework.Cglib2AopProxy$CglibMethodInvocation.invokeJoinpoint(Cglib2AopProxy.java:700)
	at org.springframework.aop.framework.ReflectiveMethodInvocation.proceed(ReflectiveMethodInvocation.java:149)
	at org.springframework.aop.aspectj.MethodInvocationProceedingJoinPoint.proceed(MethodInvocationProceedingJoinPoint.java:77)
	at com.salesforce.ide.core.internal.aspects.LoginRetryAspect.loginRetry(LoginRetryAspect.java:24)
	at sun.reflect.NativeMethodAccessorImpl.invoke0(Native Method)
	at sun.reflect.NativeMethodAccessorImpl.invoke(NativeMethodAccessorImpl.java:39)
	at sun.reflect.DelegatingMethodAccessorImpl.invoke(DelegatingMethodAccessorImpl.java:25)
	at java.lang.reflect.Method.invoke(Method.java:597)
	at org.springframework.aop.aspectj.AbstractAspectJAdvice.invokeAdviceMethodWithGivenArgs(AbstractAspectJAdvice.java:627)
	at org.springframework.aop.aspectj.AbstractAspectJAdvice.invokeAdviceMethod(AbstractAspectJAdvice.java:616)
	at org.springframework.aop.aspectj.AspectJAroundAdvice.invoke(AspectJAroundAdvice.java:64)
	at org.springframework.aop.framework.ReflectiveMethodInvocation.proceed(ReflectiveMethodInvocation.java:171)
	at org.springframework.aop.framework.adapter.MethodBeforeAdviceInterceptor.invoke(MethodBeforeAdviceInterceptor.java:50)
	at org.springframework.aop.framework.ReflectiveMethodInvocation.proceed(ReflectiveMethodInvocation.java:171)
	at org.springframework.aop.interceptor.ExposeInvocationInterceptor.invoke(ExposeInvocationInterceptor.java:90)
	at org.springframework.aop.framework.ReflectiveMethodInvocation.proceed(ReflectiveMethodInvocation.java:171)
	at org.springframework.aop.framework.Cglib2AopProxy$DynamicAdvisedInterceptor.intercept(Cglib2AopProxy.java:635)
	at com.salesforce.ide.core.remote.Connection$$EnhancerByCGLIB$$b5ea211d.login(<generated>)
	at com.salesforce.ide.core.factories.ConnectionFactory.getNewConnection(ConnectionFactory.java:73)
	at com.salesforce.ide.core.factories.ConnectionFactory.storeConnection(ConnectionFactory.java:159)
	at com.salesforce.ide.core.factories.ConnectionFactory.getConnection(ConnectionFactory.java:126)
	at com.salesforce.ide.core.factories.ConnectionFactory.getConnection(ConnectionFactory.java:149)
	at com.salesforce.ide.core.remote.registries.DescribeObjectRegistry.getCachedDescribeSObjects(DescribeObjectRegistry.java:500)
	at com.salesforce.ide.ui.editors.apex.assistance.ApexCodeScanner.generateKeywordRule(ApexCodeScanner.java:127)
	at com.salesforce.ide.ui.editors.apex.assistance.ApexCodeScanner.init(ApexCodeScanner.java:99)
	at com.salesforce.ide.ui.editors.apex.ApexSourceViewerConfiguration.init(ApexSourceViewerConfiguration.java:101)
	at com.salesforce.ide.ui.editors.apex.ApexCodeEditor.initializeEditor(ApexCodeEditor.java:315)
	at com.salesforce.ide.ui.editors.apex.ApexCodeEditor.<init>(ApexCodeEditor.java:83)
	at com.salesforce.ide.ui.editors.apex.AstEditor.<init>(AstEditor.java:12)
	at com.salesforce.ide.ui.editors.apex.ApexCodeMultiPageEditor.createSourcePage(ApexCodeMultiPageEditor.java:105)
	at com.salesforce.ide.ui.editors.apex.ApexCodeMultiPageEditor.preparePages(ApexCodeMultiPageEditor.java:72)
	at com.salesforce.ide.ui.editors.apex.ApexCodeMultiPageEditor.createPages(ApexCodeMultiPageEditor.java:64)
	at org.eclipse.ui.part.MultiPageEditorPart.createPartControl(MultiPageEditorPart.java:348)
	at org.eclipse.ui.internal.EditorReference.createPartHelper(EditorReference.java:670)
	at org.eclipse.ui.internal.EditorReference.createPart(EditorReference.java:465)
	at org.eclipse.ui.internal.WorkbenchPartReference.getPart(WorkbenchPartReference.java:595)
	at org.eclipse.ui.internal.EditorReference.getEditor(EditorReference.java:289)
	at org.eclipse.ui.internal.WorkbenchPage.busyOpenEditorBatched(WorkbenchPage.java:2945)
	at org.eclipse.ui.internal.WorkbenchPage.busyOpenEditor(WorkbenchPage.java:2850)
	at org.eclipse.ui.internal.WorkbenchPage.access$11(WorkbenchPage.java:2842)
	at org.eclipse.ui.internal.WorkbenchPage$10.run(WorkbenchPage.java:2793)
	at org.eclipse.swt.custom.BusyIndicator.showWhile(BusyIndicator.java:70)
	at org.eclipse.ui.internal.WorkbenchPage.openEditor(WorkbenchPage.java:2789)
	at org.eclipse.ui.internal.WorkbenchPage.openEditor(WorkbenchPage.java:2773)
	at org.eclipse.ui.internal.WorkbenchPage.openEditor(WorkbenchPage.java:2764)
	at org.eclipse.ui.ide.IDE.openEditor(IDE.java:651)
	at org.eclipse.ui.ide.IDE.openEditor(IDE.java:610)
	at org.eclipse.jdt.internal.ui.javaeditor.EditorUtility.openInEditor(EditorUtility.java:355)
	at org.eclipse.jdt.internal.ui.javaeditor.EditorUtility.openInEditor(EditorUtility.java:164)
	at org.eclipse.jdt.ui.actions.OpenAction.run(OpenAction.java:249)
	at org.eclipse.jdt.ui.actions.OpenAction.run(OpenAction.java:228)
	at org.eclipse.jdt.ui.actions.SelectionDispatchAction.dispatchRun(SelectionDispatchAction.java:275)
	at org.eclipse.jdt.ui.actions.SelectionDispatchAction.run(SelectionDispatchAction.java:251)
	at org.eclipse.jdt.internal.ui.navigator.OpenAndExpand.run(OpenAndExpand.java:50)
	at org.eclipse.ui.actions.RetargetAction.run(RetargetAction.java:221)
	at org.eclipse.ui.navigator.CommonNavigatorManager$3.open(CommonNavigatorManager.java:185)
	at org.eclipse.ui.OpenAndLinkWithEditorHelper$InternalListener.open(OpenAndLinkWithEditorHelper.java:48)
	at org.eclipse.jface.viewers.StructuredViewer$2.run(StructuredViewer.java:866)
	at org.eclipse.core.runtime.SafeRunner.run(SafeRunner.java:42)
	at org.eclipse.ui.internal.JFaceUtil$1.run(JFaceUtil.java:49)
	at org.eclipse.jface.util.SafeRunnable.run(SafeRunnable.java:175)
	at org.eclipse.jface.viewers.StructuredViewer.fireOpen(StructuredViewer.java:864)
	at org.eclipse.jface.viewers.StructuredViewer.handleOpen(StructuredViewer.java:1152)
	at org.eclipse.ui.navigator.CommonViewer.handleOpen(CommonViewer.java:462)
	at org.eclipse.jface.viewers.StructuredViewer$6.handleOpen(StructuredViewer.java:1256)
	at org.eclipse.jface.util.OpenStrategy.fireOpenEvent(OpenStrategy.java:275)
	at org.eclipse.jface.util.OpenStrategy.access$2(OpenStrategy.java:269)
	at org.eclipse.jface.util.OpenStrategy$1.handleEvent(OpenStrategy.java:309)
	at org.eclipse.swt.widgets.EventTable.sendEvent(EventTable.java:84)
	at org.eclipse.swt.widgets.Display.sendEvent(Display.java:4128)
	at org.eclipse.swt.widgets.Widget.sendEvent(Widget.java:1457)
	at org.eclipse.swt.widgets.Widget.sendEvent(Widget.java:1480)
	at org.eclipse.swt.widgets.Widget.sendEvent(Widget.java:1465)
	at org.eclipse.swt.widgets.Widget.notifyListeners(Widget.java:1270)
	at org.eclipse.swt.widgets.Display.runDeferredEvents(Display.java:3974)
	at org.eclipse.swt.widgets.Display.readAndDispatch(Display.java:3613)
	at org.eclipse.ui.internal.Workbench.runEventLoop(Workbench.java:2701)
	at org.eclipse.ui.internal.Workbench.runUI(Workbench.java:2665)
	at org.eclipse.ui.internal.Workbench.access$4(Workbench.java:2499)
	at org.eclipse.ui.internal.Workbench$7.run(Workbench.java:679)
	at org.eclipse.core.databinding.observable.Realm.runWithDefault(Realm.java:332)
	at org.eclipse.ui.internal.Workbench.createAndRunWorkbench(Workbench.java:668)
	at org.eclipse.ui.PlatformUI.createAndRunWorkbench(PlatformUI.java:149)
	at org.eclipse.ui.internal.ide.application.IDEApplication.start(IDEApplication.java:123)
	at org.eclipse.equinox.internal.app.EclipseAppHandle.run(EclipseAppHandle.java:196)
	at org.eclipse.core.runtime.internal.adaptor.EclipseAppLauncher.runApplication(EclipseAppLauncher.java:110)
	at org.eclipse.core.runtime.internal.adaptor.EclipseAppLauncher.start(EclipseAppLauncher.java:79)
	at org.eclipse.core.runtime.adaptor.EclipseStarter.run(EclipseStarter.java:344)
	at org.eclipse.core.runtime.adaptor.EclipseStarter.run(EclipseStarter.java:179)
	at sun.reflect.NativeMethodAccessorImpl.invoke0(Native Method)
	at sun.reflect.NativeMethodAccessorImpl.invoke(NativeMethodAccessorImpl.java:39)
	at sun.reflect.DelegatingMethodAccessorImpl.invoke(DelegatingMethodAccessorImpl.java:25)
	at java.lang.reflect.Method.invoke(Method.java:597)
	at org.eclipse.equinox.launcher.Main.invokeFramework(Main.java:622)
	at org.eclipse.equinox.launcher.Main.basicRun(Main.java:577)
	at org.eclipse.equinox.launcher.Main.run(Main.java:1410)
 WARN [2013-05-02 17:22:53,166] (BaseRetryAspect.java:isConnectionExceptionRetryable:131) - Connection evaluation deemed exception not retry-able:
 MalformedURLException: Unable to create connection to Salesforce:

MalformedURLException: An unexpected error has occurred. Please try again, or check the log file for details.
ERROR [2013-05-02 17:22:53,183] (BaseMultiPageEditorPart.java:run:117) - Unable to get describe object for project 'gitTest'
com.salesforce.ide.core.remote.ForceConnectionException: Unable to create connection to Salesforce:

MalformedURLException: An unexpected error has occurred. Please try again, or check the log file for details.
	at com.salesforce.ide.core.internal.utils.ForceExceptionUtils.handleConnectionException(ForceExceptionUtils.java:77)
	at com.salesforce.ide.core.remote.Connection.login(Connection.java:259)
	at com.salesforce.ide.core.remote.Connection$$FastClassByCGLIB$$8e61a81d.invoke(<generated>)
	at net.sf.cglib.proxy.MethodProxy.invoke(MethodProxy.java:149)
	at org.springframework.aop.framework.Cglib2AopProxy$CglibMethodInvocation.invokeJoinpoint(Cglib2AopProxy.java:700)
	at org.springframework.aop.framework.ReflectiveMethodInvocation.proceed(ReflectiveMethodInvocation.java:149)
	at org.springframework.aop.aspectj.MethodInvocationProceedingJoinPoint.proceed(MethodInvocationProceedingJoinPoint.java:77)
	at com.salesforce.ide.core.internal.aspects.LoginRetryAspect.loginRetry(LoginRetryAspect.java:24)
	at sun.reflect.NativeMethodAccessorImpl.invoke0(Native Method)
	at sun.reflect.NativeMethodAccessorImpl.invoke(NativeMethodAccessorImpl.java:39)
	at sun.reflect.DelegatingMethodAccessorImpl.invoke(DelegatingMethodAccessorImpl.java:25)
	at java.lang.reflect.Method.invoke(Method.java:597)
	at org.springframework.aop.aspectj.AbstractAspectJAdvice.invokeAdviceMethodWithGivenArgs(AbstractAspectJAdvice.java:627)
	at org.springframework.aop.aspectj.AbstractAspectJAdvice.invokeAdviceMethod(AbstractAspectJAdvice.java:616)
	at org.springframework.aop.aspectj.AspectJAroundAdvice.invoke(AspectJAroundAdvice.java:64)
	at org.springframework.aop.framework.ReflectiveMethodInvocation.proceed(ReflectiveMethodInvocation.java:171)
	at org.springframework.aop.framework.adapter.MethodBeforeAdviceInterceptor.invoke(MethodBeforeAdviceInterceptor.java:50)
	at org.springframework.aop.framework.ReflectiveMethodInvocation.proceed(ReflectiveMethodInvocation.java:171)
	at org.springframework.aop.interceptor.ExposeInvocationInterceptor.invoke(ExposeInvocationInterceptor.java:90)
	at org.springframework.aop.framework.ReflectiveMethodInvocation.proceed(ReflectiveMethodInvocation.java:171)
	at org.springframework.aop.framework.Cglib2AopProxy$DynamicAdvisedInterceptor.intercept(Cglib2AopProxy.java:635)
	at com.salesforce.ide.core.remote.Connection$$EnhancerByCGLIB$$b5ea211d_2.login(<generated>)
	at com.salesforce.ide.core.factories.ConnectionFactory.getNewConnection(ConnectionFactory.java:73)
	at com.salesforce.ide.core.factories.ConnectionFactory.storeConnection(ConnectionFactory.java:159)
	at com.salesforce.ide.core.factories.ConnectionFactory.getConnection(ConnectionFactory.java:126)
	at com.salesforce.ide.core.factories.ConnectionFactory.getConnection(ConnectionFactory.java:149)
	at com.salesforce.ide.core.remote.registries.DescribeObjectRegistry.getCachedDescribeSObjects(DescribeObjectRegistry.java:500)
	at com.salesforce.ide.ui.internal.editor.BaseMultiPageEditorPart$1.run(BaseMultiPageEditorPart.java:105)
	at org.eclipse.core.internal.jobs.Worker.run(Worker.java:54)
Caused by: com.sforce.ws.ConnectionException: Failed to send request to null
	at com.sforce.ws.transport.SoapConnection.send(SoapConnection.java:120)
	at com.sforce.soap.partner.wsc.PartnerConnection.login(PartnerConnection.java:1664)
	at com.salesforce.ide.core.remote.Connection.login(Connection.java:217)
	... 27 more
Caused by: java.net.MalformedURLException
	at java.net.URL.<init>(URL.java:601)
	at java.net.URL.<init>(URL.java:464)
	at java.net.URL.<init>(URL.java:413)
	at com.sforce.ws.transport.JdkHttpTransport.connectRaw(JdkHttpTransport.java:123)
	at com.sforce.ws.transport.JdkHttpTransport.connectLocal(JdkHttpTransport.java:97)
	at com.sforce.ws.transport.JdkHttpTransport.connectLocal(JdkHttpTransport.java:92)
	at com.sforce.ws.transport.JdkHttpTransport.connect(JdkHttpTransport.java:88)
	at com.sforce.ws.transport.SoapConnection.send(SoapConnection.java:94)
	... 29 more
 WARN [2013-05-02 18:02:58,993] (ConnectionFactory.java:clearCache:209) - No cached connections
 WARN [2013-05-02 18:02:59,025] (DescribeObjectRegistry.java:clearCache:654) - No cached describes
 WARN [2013-05-02 18:02:59,045] (MetadataFactory.java:clearCache:120) - No cached metadata stubs
